<?xml version="1.0" encoding="UTF-8"?>
<robot generator="Robot 4.1.3 (Python 3.8.8 on win32)" generated="20220121 17:32:40.627" rpa="false" schemaversion="2">
<suite id="s1" name="Suites">
<suite id="s1-s1" name="FirstTest" source="C:\Users\91836\PycharmProjects\PlaywrightProject\Test\FirstTest.robot">
<kw name="Launch Browser Choice" library="CommonHelper" type="SETUP">
<arg>chromium</arg>
<arg>True</arg>
<kw name="Launch Browser" library="PlaywrightCore">
<arg>${browser_name}</arg>
<arg>${record_video}</arg>
<msg timestamp="20220121 17:32:42.613" level="INFO">Opening Browser: chromium</msg>
<status status="PASS" starttime="20220121 17:32:40.887" endtime="20220121 17:32:42.614"/>
</kw>
<status status="PASS" starttime="20220121 17:32:40.887" endtime="20220121 17:32:42.614"/>
</kw>
<test id="s1-s1-t1" name="My Eleventh Test Case">
<kw name="Open Selenium Easy Application" library="CommonHelper" type="SETUP">
<kw name="Open Application" library="PlaywrightCore">
<msg timestamp="20220121 17:32:50.108" level="INFO">Opening website .........</msg>
<status status="PASS" starttime="20220121 17:32:42.616" endtime="20220121 17:32:50.108"/>
</kw>
<status status="PASS" starttime="20220121 17:32:42.616" endtime="20220121 17:32:50.109"/>
</kw>
<kw name="Log" library="BuiltIn">
<arg>http://demo.seleniumeasy.com/</arg>
<doc>Logs the given message with the given level.</doc>
<msg timestamp="20220121 17:32:50.110" level="INFO">http://demo.seleniumeasy.com/</msg>
<status status="PASS" starttime="20220121 17:32:50.110" endtime="20220121 17:32:50.110"/>
</kw>
<kw name="Menu.Navigate Menu to Alerts" library="PageHelper">
<arg>Window Popup Modal</arg>
<kw name="Get Page Handle" library="CommonHelper">
<var>${page}</var>
<kw name="Get Page Object" library="PlaywrightCore">
<var>${page_handle}</var>
<msg timestamp="20220121 17:32:50.113" level="INFO">${page_handle} = &lt;Page url='http://demo.seleniumeasy.com/'&gt;</msg>
<status status="PASS" starttime="20220121 17:32:50.112" endtime="20220121 17:32:50.113"/>
</kw>
<msg timestamp="20220121 17:32:50.113" level="INFO">${page} = &lt;Page url='http://demo.seleniumeasy.com/'&gt;</msg>
<status status="PASS" starttime="20220121 17:32:50.111" endtime="20220121 17:32:50.113"/>
</kw>
<kw name="Navigate Menu Item" library="Menu">
<arg>${page}</arg>
<arg>Alerts &amp; Modals</arg>
<arg>${second_menu_item}</arg>
<status status="PASS" starttime="20220121 17:32:50.113" endtime="20220121 17:32:52.300"/>
</kw>
<status status="PASS" starttime="20220121 17:32:50.111" endtime="20220121 17:32:52.300"/>
</kw>
<kw name="PagePopUp.handle_pop_up_main_page_tasks" library="PageHelper">
<kw name="Get Page Handle" library="CommonHelper">
<var>${page}</var>
<kw name="Get Page Object" library="PlaywrightCore">
<var>${page_handle}</var>
<msg timestamp="20220121 17:32:52.305" level="INFO">${page_handle} = &lt;Page url='http://demo.seleniumeasy.com/window-popup-modal-demo.html'&gt;</msg>
<status status="PASS" starttime="20220121 17:32:52.304" endtime="20220121 17:32:52.305"/>
</kw>
<msg timestamp="20220121 17:32:52.305" level="INFO">${page} = &lt;Page url='http://demo.seleniumeasy.com/window-popup-modal-demo.html'&gt;</msg>
<status status="PASS" starttime="20220121 17:32:52.303" endtime="20220121 17:32:52.305"/>
</kw>
<kw name="Work Within Popup Main Page Also" library="PagePopUp">
<arg>${page}</arg>
<status status="PASS" starttime="20220121 17:32:52.306" endtime="20220121 17:32:58.452"/>
</kw>
<status status="PASS" starttime="20220121 17:32:52.301" endtime="20220121 17:32:58.452"/>
</kw>
<kw name="Close Selenium Easy Application" library="CommonHelper" type="TEARDOWN">
<kw name="Close Application" library="PlaywrightCore">
<status status="PASS" starttime="20220121 17:32:58.456" endtime="20220121 17:32:58.487"/>
</kw>
<status status="PASS" starttime="20220121 17:32:58.453" endtime="20220121 17:32:58.487"/>
</kw>
<status status="PASS" starttime="20220121 17:32:42.615" endtime="20220121 17:32:58.488"/>
</test>
<kw name="Quit Opened Browser" library="CommonHelper" type="TEARDOWN">
<kw name="Close Browser" library="PlaywrightCore">
<status status="PASS" starttime="20220121 17:32:58.491" endtime="20220121 17:32:59.299"/>
</kw>
<status status="PASS" starttime="20220121 17:32:58.490" endtime="20220121 17:32:59.300"/>
</kw>
<doc>My first tests file</doc>
<status status="PASS" starttime="20220121 17:32:40.654" endtime="20220121 17:32:59.300"/>
</suite>
<status status="PASS" starttime="20220121 17:32:40.636" endtime="20220121 17:32:59.301"/>
</suite>
<statistics>
<total>
<stat pass="1" fail="0" skip="0">All Tests</stat>
</total>
<tag>
</tag>
<suite>
<stat pass="1" fail="0" skip="0" id="s1" name="Suites">Suites</stat>
<stat pass="1" fail="0" skip="0" id="s1-s1" name="FirstTest">Suites.FirstTest</stat>
</suite>
</statistics>
<errors>
</errors>
</robot>
